<?xml version="1.0" encoding="UTF-8"?>
<testsuite name="CalculadoraTest" tests="1" skipped="0" failures="0" errors="0" timestamp="2022-05-31T09:27:39" hostname="MacBook-Pro-de-Alain.local" time="0.025">
  <properties/>
  <testcase name="deberia_sumar_numeros()" classname="CalculadoraTest" time="0.025"/>
  <system-out><![CDATA[]]></system-out>
  <system-err><![CDATA[]]></system-err>
</testsuite>
