<?xml version="1.0" encoding="UTF-8"?>
<testsuite name="CalculadoraTest" tests="1" skipped="0" failures="0" errors="0" timestamp="2022-05-31T09:38:46" hostname="MacBook-Pro-de-Alain.local" time="0.029">
  <properties/>
  <testcase name="deberia_restar_numeros()" classname="CalculadoraTest" time="0.029"/>
  <system-out><![CDATA[]]></system-out>
  <system-err><![CDATA[]]></system-err>
</testsuite>
